<?xml version="1.0" encoding="UTF-8"?>
<!-- Generated by org.testng.reporters.JUnitReportReporter -->
<testsuite skipped="0" hostname="ind496" name="com.pageobject.testcases.CreateAccountTest" tests="1" failures="0" timestamp="05 Jan 2018 05:29:38 GMT" time="27.253" errors="0">
  <testcase name="createAccountTest" time="27.253" classname="com.pageobject.testcases.CreateAccountTest"/>
</testsuite> <!-- com.pageobject.testcases.CreateAccountTest -->
