<?xml version="1.0" encoding="UTF-8"?>
<!-- Generated by org.testng.reporters.JUnitReportReporter -->
<testsuite skipped="0" hostname="ind496" name="com.pageobject.testcases.LoginTest" tests="1" failures="0" timestamp="04 Jan 2018 06:48:19 GMT" time="2.855" errors="0">
  <testcase name="loginTest" time="2.855" classname="com.pageobject.testcases.LoginTest"/>
</testsuite> <!-- com.pageobject.testcases.LoginTest -->
