<?xml version="1.0" encoding="UTF-8"?>
<!-- Generated by org.testng.reporters.JUnitReportReporter -->
<testsuite skipped="0" hostname="ind496" name="com.pageobject.testcases.LoginTest" tests="1" failures="0" timestamp="22 Feb 2018 11:22:41 GMT" time="5.182" errors="0">
  <testcase name="loginTest" time="5.182" classname="com.pageobject.testcases.LoginTest"/>
</testsuite> <!-- com.pageobject.testcases.LoginTest -->
