<?xml version="1.0" encoding="UTF-8"?>
<!-- Generated by org.testng.reporters.JUnitReportReporter -->
<testsuite skipped="0" hostname="ind496" name="com.pageobject.testcases.LoginTest" tests="1" failures="0" timestamp="05 Jan 2018 05:29:38 GMT" time="3.723" errors="0">
  <testcase name="loginTest" time="3.723" classname="com.pageobject.testcases.LoginTest"/>
</testsuite> <!-- com.pageobject.testcases.LoginTest -->
