<?xml version="1.0" encoding="UTF-8"?>
<!-- Generated by org.testng.reporters.JUnitReportReporter -->
<testsuite skipped="0" hostname="ind496" name="com.pageobject.testcases.CreateAccountTest" tests="1" failures="0" timestamp="04 Jan 2018 06:48:19 GMT" time="26.777" errors="0">
  <testcase name="createAccountTest" time="26.777" classname="com.pageobject.testcases.CreateAccountTest"/>
</testsuite> <!-- com.pageobject.testcases.CreateAccountTest -->
